running develop
/usr/lib/python3/dist-packages/setuptools/command/easy_install.py:158: EasyInstallDeprecationWarning: easy_install command is deprecated. Use build and pip and other standards-based tools.
  warnings.warn(
/usr/lib/python3/dist-packages/setuptools/command/install.py:34: SetuptoolsDeprecationWarning: setup.py install is deprecated. Use build and pip and other standards-based tools.
  warnings.warn(
Removing /root/ws/install/pkg/lib/python3.10/site-packages/pkg.egg-link (link to .)
running egg_info
writing ../../build/pkg/pkg.egg-info/PKG-INFO
writing dependency_links to ../../build/pkg/pkg.egg-info/dependency_links.txt
writing entry points to ../../build/pkg/pkg.egg-info/entry_points.txt
writing requirements to ../../build/pkg/pkg.egg-info/requires.txt
writing top-level names to ../../build/pkg/pkg.egg-info/top_level.txt
reading manifest file '../../build/pkg/pkg.egg-info/SOURCES.txt'
writing manifest file '../../build/pkg/pkg.egg-info/SOURCES.txt'
running build
running build_py
running install
/usr/lib/python3/dist-packages/setuptools/command/install.py:34: SetuptoolsDeprecationWarning: setup.py install is deprecated. Use build and pip and other standards-based tools.
  warnings.warn(
running install_lib
copying /root/ws/build/pkg/build/lib/pkg/__init__.py -> /root/ws/install/pkg/lib/python3.10/site-packages/pkg
copying /root/ws/build/pkg/build/lib/pkg/node.py -> /root/ws/install/pkg/lib/python3.10/site-packages/pkg
byte-compiling /root/ws/install/pkg/lib/python3.10/site-packages/pkg/__init__.py to __init__.cpython-310.pyc
byte-compiling /root/ws/install/pkg/lib/python3.10/site-packages/pkg/node.py to node.cpython-310.pyc
running install_data
running install_egg_info
Copying ../../build/pkg/pkg.egg-info to /root/ws/install/pkg/lib/python3.10/site-packages/pkg-0.0.0-py3.10.egg-info
running install_scripts
writing list of installed files to '/root/ws/build/pkg/install.log'
