running develop
running egg_info
writing ../../build/tracker_pkg/tracker_pkg.egg-info/PKG-INFO
writing dependency_links to ../../build/tracker_pkg/tracker_pkg.egg-info/dependency_links.txt
writing entry points to ../../build/tracker_pkg/tracker_pkg.egg-info/entry_points.txt
writing requirements to ../../build/tracker_pkg/tracker_pkg.egg-info/requires.txt
writing top-level names to ../../build/tracker_pkg/tracker_pkg.egg-info/top_level.txt
reading manifest file '../../build/tracker_pkg/tracker_pkg.egg-info/SOURCES.txt'
writing manifest file '../../build/tracker_pkg/tracker_pkg.egg-info/SOURCES.txt'
running build
running build_py
copying tracker_pkg/fake_gps_node.py -> /root/ws/build/tracker_pkg/build/lib/tracker_pkg
copying tracker_pkg/tracker_node.py -> /root/ws/build/tracker_pkg/build/lib/tracker_pkg
running install
running install_lib
copying /root/ws/build/tracker_pkg/build/lib/tracker_pkg/fake_gps_node.py -> /root/ws/install/tracker_pkg/lib/python3.10/site-packages/tracker_pkg
copying /root/ws/build/tracker_pkg/build/lib/tracker_pkg/tracker_node.py -> /root/ws/install/tracker_pkg/lib/python3.10/site-packages/tracker_pkg
byte-compiling /root/ws/install/tracker_pkg/lib/python3.10/site-packages/tracker_pkg/fake_gps_node.py to fake_gps_node.cpython-310.pyc
byte-compiling /root/ws/install/tracker_pkg/lib/python3.10/site-packages/tracker_pkg/tracker_node.py to tracker_node.cpython-310.pyc
running install_data
copying launch/tracker_launch.py -> /root/ws/install/tracker_pkg/share/tracker_pkg
running install_egg_info
removing '/root/ws/install/tracker_pkg/lib/python3.10/site-packages/tracker_pkg-0.0.0-py3.10.egg-info' (and everything under it)
Copying ../../build/tracker_pkg/tracker_pkg.egg-info to /root/ws/install/tracker_pkg/lib/python3.10/site-packages/tracker_pkg-0.0.0-py3.10.egg-info
running install_scripts
Installing fake_gps_node script to /root/ws/install/tracker_pkg/lib/tracker_pkg
Installing tracker_node script to /root/ws/install/tracker_pkg/lib/tracker_pkg
writing list of installed files to '/root/ws/build/tracker_pkg/install.log'
