[0.337s] Invoking command in '/root/ws/build/tracker_pkg': PYTHONPATH=/root/ws/build/tracker_pkg/prefix_override:/root/ws/install/tracker_pkg/lib/python3.10/site-packages:${PYTHONPATH} /usr/bin/python3 setup.py develop --uninstall --editable --build-directory /root/ws/build/tracker_pkg/build
[0.433s] running develop
[0.433s] /usr/lib/python3/dist-packages/setuptools/command/easy_install.py:158: EasyInstallDeprecationWarning: easy_install command is deprecated. Use build and pip and other standards-based tools.
[0.433s]   warnings.warn(
[0.434s] /usr/lib/python3/dist-packages/setuptools/command/install.py:34: SetuptoolsDeprecationWarning: setup.py install is deprecated. Use build and pip and other standards-based tools.
[0.434s]   warnings.warn(
[0.485s] Invoked command in '/root/ws/build/tracker_pkg' returned '0': PYTHONPATH=/root/ws/build/tracker_pkg/prefix_override:/root/ws/install/tracker_pkg/lib/python3.10/site-packages:${PYTHONPATH} /usr/bin/python3 setup.py develop --uninstall --editable --build-directory /root/ws/build/tracker_pkg/build
[0.486s] Invoking command in '/root/ws/src/tracker_pkg': PYTHONPATH=/root/ws/build/tracker_pkg/prefix_override:/root/ws/install/tracker_pkg/lib/python3.10/site-packages:${PYTHONPATH} /usr/bin/python3 setup.py egg_info --egg-base ../../build/tracker_pkg build --build-base /root/ws/build/tracker_pkg/build install --record /root/ws/build/tracker_pkg/install.log --single-version-externally-managed
[0.572s] running egg_info
[0.572s] writing ../../build/tracker_pkg/tracker_pkg.egg-info/PKG-INFO
[0.572s] writing dependency_links to ../../build/tracker_pkg/tracker_pkg.egg-info/dependency_links.txt
[0.572s] writing entry points to ../../build/tracker_pkg/tracker_pkg.egg-info/entry_points.txt
[0.572s] writing requirements to ../../build/tracker_pkg/tracker_pkg.egg-info/requires.txt
[0.572s] writing top-level names to ../../build/tracker_pkg/tracker_pkg.egg-info/top_level.txt
[0.573s] reading manifest file '../../build/tracker_pkg/tracker_pkg.egg-info/SOURCES.txt'
[0.573s] /usr/lib/python3/dist-packages/setuptools/command/install.py:34: SetuptoolsDeprecationWarning: setup.py install is deprecated. Use build and pip and other standards-based tools.
[0.573s]   warnings.warn(
[0.576s] writing manifest file '../../build/tracker_pkg/tracker_pkg.egg-info/SOURCES.txt'
[0.576s] running build
[0.576s] running build_py
[0.576s] copying tracker_pkg/fake_gps_node.py -> /root/ws/build/tracker_pkg/build/lib/tracker_pkg
[0.576s] running install
[0.576s] running install_lib
[0.576s] copying /root/ws/build/tracker_pkg/build/lib/tracker_pkg/fake_gps_node.py -> /root/ws/install/tracker_pkg/lib/python3.10/site-packages/tracker_pkg
[0.576s] byte-compiling /root/ws/install/tracker_pkg/lib/python3.10/site-packages/tracker_pkg/fake_gps_node.py to fake_gps_node.cpython-310.pyc
[0.576s] running install_data
[0.576s] running install_egg_info
[0.576s] removing '/root/ws/install/tracker_pkg/lib/python3.10/site-packages/tracker_pkg-0.0.0-py3.10.egg-info' (and everything under it)
[0.576s] Copying ../../build/tracker_pkg/tracker_pkg.egg-info to /root/ws/install/tracker_pkg/lib/python3.10/site-packages/tracker_pkg-0.0.0-py3.10.egg-info
[0.577s] running install_scripts
[0.587s] Installing fake_gps_node script to /root/ws/install/tracker_pkg/lib/tracker_pkg
[0.587s] writing list of installed files to '/root/ws/build/tracker_pkg/install.log'
[0.603s] Invoked command in '/root/ws/src/tracker_pkg' returned '0': PYTHONPATH=/root/ws/build/tracker_pkg/prefix_override:/root/ws/install/tracker_pkg/lib/python3.10/site-packages:${PYTHONPATH} /usr/bin/python3 setup.py egg_info --egg-base ../../build/tracker_pkg build --build-base /root/ws/build/tracker_pkg/build install --record /root/ws/build/tracker_pkg/install.log --single-version-externally-managed
