running develop
/usr/lib/python3/dist-packages/setuptools/command/easy_install.py:158: EasyInstallDeprecationWarning: easy_install command is deprecated. Use build and pip and other standards-based tools.
  warnings.warn(
/usr/lib/python3/dist-packages/setuptools/command/install.py:34: SetuptoolsDeprecationWarning: setup.py install is deprecated. Use build and pip and other standards-based tools.
  warnings.warn(
running egg_info
writing tracker_pkg.egg-info/PKG-INFO
writing dependency_links to tracker_pkg.egg-info/dependency_links.txt
writing entry points to tracker_pkg.egg-info/entry_points.txt
writing requirements to tracker_pkg.egg-info/requires.txt
writing top-level names to tracker_pkg.egg-info/top_level.txt
reading manifest file 'tracker_pkg.egg-info/SOURCES.txt'
writing manifest file 'tracker_pkg.egg-info/SOURCES.txt'
running build_ext
Creating /root/ws/install/tracker_pkg/lib/python3.10/site-packages/tracker-pkg.egg-link (link to .)
Installing fake_gps_node script to /root/ws/install/tracker_pkg/lib/tracker_pkg
Installing fake_ui_node script to /root/ws/install/tracker_pkg/lib/tracker_pkg
Installing tracker_node script to /root/ws/install/tracker_pkg/lib/tracker_pkg

Installed /root/ws/build/tracker_pkg
running install_data
copying include/accel_stepper.py -> /root/ws/install/tracker_pkg/share/tracker_pkg
