running egg_info
creating ../../build/tracker_pkg/tracker_pkg.egg-info
writing ../../build/tracker_pkg/tracker_pkg.egg-info/PKG-INFO
writing dependency_links to ../../build/tracker_pkg/tracker_pkg.egg-info/dependency_links.txt
writing entry points to ../../build/tracker_pkg/tracker_pkg.egg-info/entry_points.txt
writing requirements to ../../build/tracker_pkg/tracker_pkg.egg-info/requires.txt
writing top-level names to ../../build/tracker_pkg/tracker_pkg.egg-info/top_level.txt
writing manifest file '../../build/tracker_pkg/tracker_pkg.egg-info/SOURCES.txt'
reading manifest file '../../build/tracker_pkg/tracker_pkg.egg-info/SOURCES.txt'
writing manifest file '../../build/tracker_pkg/tracker_pkg.egg-info/SOURCES.txt'
running build
running build_py
creating /root/ws/build/tracker_pkg/build
creating /root/ws/build/tracker_pkg/build/lib
creating /root/ws/build/tracker_pkg/build/lib/tracker_pkg
copying tracker_pkg/__init__.py -> /root/ws/build/tracker_pkg/build/lib/tracker_pkg
copying tracker_pkg/fake_gps_node.py -> /root/ws/build/tracker_pkg/build/lib/tracker_pkg
running install
/usr/lib/python3/dist-packages/setuptools/command/install.py:34: SetuptoolsDeprecationWarning: setup.py install is deprecated. Use build and pip and other standards-based tools.
  warnings.warn(
running install_lib
creating /root/ws/install/tracker_pkg/lib/python3.10/site-packages/tracker_pkg
copying /root/ws/build/tracker_pkg/build/lib/tracker_pkg/__init__.py -> /root/ws/install/tracker_pkg/lib/python3.10/site-packages/tracker_pkg
copying /root/ws/build/tracker_pkg/build/lib/tracker_pkg/fake_gps_node.py -> /root/ws/install/tracker_pkg/lib/python3.10/site-packages/tracker_pkg
byte-compiling /root/ws/install/tracker_pkg/lib/python3.10/site-packages/tracker_pkg/__init__.py to __init__.cpython-310.pyc
byte-compiling /root/ws/install/tracker_pkg/lib/python3.10/site-packages/tracker_pkg/fake_gps_node.py to fake_gps_node.cpython-310.pyc
running install_data
creating /root/ws/install/tracker_pkg/share/ament_index
creating /root/ws/install/tracker_pkg/share/ament_index/resource_index
creating /root/ws/install/tracker_pkg/share/ament_index/resource_index/packages
copying resource/tracker_pkg -> /root/ws/install/tracker_pkg/share/ament_index/resource_index/packages
copying package.xml -> /root/ws/install/tracker_pkg/share/tracker_pkg
copying launch/tracker_launch.py -> /root/ws/install/tracker_pkg/share/tracker_pkg
running install_egg_info
Copying ../../build/tracker_pkg/tracker_pkg.egg-info to /root/ws/install/tracker_pkg/lib/python3.10/site-packages/tracker_pkg-0.0.0-py3.10.egg-info
running install_scripts
writing list of installed files to '/root/ws/build/tracker_pkg/install.log'
