[0.245s] Invoking command in '/root/ws/build/tracker_pkg': PYTHONPATH=/root/ws/build/tracker_pkg/prefix_override:/root/ws/install/tracker_pkg/lib/python3.10/site-packages:${PYTHONPATH} /usr/bin/python3 setup.py develop --editable --build-directory /root/ws/build/tracker_pkg/build --no-deps install_data
[0.346s] running develop
[0.347s] /usr/lib/python3/dist-packages/setuptools/command/easy_install.py:158: EasyInstallDeprecationWarning: easy_install command is deprecated. Use build and pip and other standards-based tools.
[0.347s]   warnings.warn(
[0.347s] /usr/lib/python3/dist-packages/setuptools/command/install.py:34: SetuptoolsDeprecationWarning: setup.py install is deprecated. Use build and pip and other standards-based tools.
[0.347s]   warnings.warn(
[0.384s] running egg_info
[0.384s] writing tracker_pkg.egg-info/PKG-INFO
[0.384s] writing dependency_links to tracker_pkg.egg-info/dependency_links.txt
[0.384s] writing entry points to tracker_pkg.egg-info/entry_points.txt
[0.384s] writing requirements to tracker_pkg.egg-info/requires.txt
[0.384s] writing top-level names to tracker_pkg.egg-info/top_level.txt
[0.385s] package init file 'lib/__init__.py' not found (or not a regular file)
[0.385s] reading manifest file 'tracker_pkg.egg-info/SOURCES.txt'
[0.386s] writing manifest file 'tracker_pkg.egg-info/SOURCES.txt'
[0.387s] running build_ext
[0.387s] Creating /root/ws/install/tracker_pkg/lib/python3.10/site-packages/tracker-pkg.egg-link (link to .)
[0.387s] Installing fake_gps_node script to /root/ws/install/tracker_pkg/lib/tracker_pkg
[0.387s] Installing fake_ui_node script to /root/ws/install/tracker_pkg/lib/tracker_pkg
[0.387s] Installing tracker_node script to /root/ws/install/tracker_pkg/lib/tracker_pkg
[0.388s] 
[0.388s] Installed /root/ws/build/tracker_pkg
[0.388s] running install_data
[0.388s] error: can't copy 'tracker_pkg/accel_stepper.py': doesn't exist or not a regular file
[0.402s] Invoked command in '/root/ws/build/tracker_pkg' returned '1': PYTHONPATH=/root/ws/build/tracker_pkg/prefix_override:/root/ws/install/tracker_pkg/lib/python3.10/site-packages:${PYTHONPATH} /usr/bin/python3 setup.py develop --editable --build-directory /root/ws/build/tracker_pkg/build --no-deps install_data
