[0.242s] Invoking command in '/root/ws/build/tracker_pkg': PYTHONPATH=/root/ws/build/tracker_pkg/prefix_override:/root/ws/install/tracker_pkg/lib/python3.10/site-packages:${PYTHONPATH} /usr/bin/python3 setup.py develop --editable --build-directory /root/ws/build/tracker_pkg/build --no-deps install_data
[0.338s] running develop
[0.338s] /usr/lib/python3/dist-packages/setuptools/command/easy_install.py:158: EasyInstallDeprecationWarning: easy_install command is deprecated. Use build and pip and other standards-based tools.
[0.338s]   warnings.warn(
[0.339s] /usr/lib/python3/dist-packages/setuptools/command/install.py:34: SetuptoolsDeprecationWarning: setup.py install is deprecated. Use build and pip and other standards-based tools.
[0.339s]   warnings.warn(
[0.374s] running egg_info
[0.374s] writing tracker_pkg.egg-info/PKG-INFO
[0.374s] writing dependency_links to tracker_pkg.egg-info/dependency_links.txt
[0.374s] writing entry points to tracker_pkg.egg-info/entry_points.txt
[0.374s] writing requirements to tracker_pkg.egg-info/requires.txt
[0.374s] writing top-level names to tracker_pkg.egg-info/top_level.txt
[0.375s] reading manifest file 'tracker_pkg.egg-info/SOURCES.txt'
[0.376s] writing manifest file 'tracker_pkg.egg-info/SOURCES.txt'
[0.376s] running build_ext
[0.376s] Creating /root/ws/install/tracker_pkg/lib/python3.10/site-packages/tracker-pkg.egg-link (link to .)
[0.377s] Installing fake_gps_node script to /root/ws/install/tracker_pkg/lib/tracker_pkg
[0.377s] Installing fake_ui_node script to /root/ws/install/tracker_pkg/lib/tracker_pkg
[0.377s] Installing tracker_node script to /root/ws/install/tracker_pkg/lib/tracker_pkg
[0.377s] 
[0.377s] Installed /root/ws/build/tracker_pkg
[0.377s] running install_data
[0.377s] creating /root/ws/install/tracker_pkg/include
[0.378s] creating /root/ws/install/tracker_pkg/include/tracker_pkg
[0.379s] error: can't copy 'tracker_pkg/accel_stepper.py': doesn't exist or not a regular file
[0.398s] Invoked command in '/root/ws/build/tracker_pkg' returned '1': PYTHONPATH=/root/ws/build/tracker_pkg/prefix_override:/root/ws/install/tracker_pkg/lib/python3.10/site-packages:${PYTHONPATH} /usr/bin/python3 setup.py develop --editable --build-directory /root/ws/build/tracker_pkg/build --no-deps install_data
