running develop
/usr/lib/python3/dist-packages/setuptools/command/easy_install.py:158: EasyInstallDeprecationWarning: easy_install command is deprecated. Use build and pip and other standards-based tools.
  warnings.warn(
/usr/lib/python3/dist-packages/setuptools/command/install.py:34: SetuptoolsDeprecationWarning: setup.py install is deprecated. Use build and pip and other standards-based tools.
  warnings.warn(
Removing /root/ws/install/tracker_pkg/lib/python3.10/site-packages/tracker-pkg.egg-link (link to .)
running egg_info
writing ../../build/tracker_pkg/tracker_pkg.egg-info/PKG-INFO
writing dependency_links to ../../build/tracker_pkg/tracker_pkg.egg-info/dependency_links.txt
writing entry points to ../../build/tracker_pkg/tracker_pkg.egg-info/entry_points.txt
writing requirements to ../../build/tracker_pkg/tracker_pkg.egg-info/requires.txt
writing top-level names to ../../build/tracker_pkg/tracker_pkg.egg-info/top_level.txt
reading manifest file '../../build/tracker_pkg/tracker_pkg.egg-info/SOURCES.txt'
writing manifest file '../../build/tracker_pkg/tracker_pkg.egg-info/SOURCES.txt'
running build
running build_py
running install
/usr/lib/python3/dist-packages/setuptools/command/install.py:34: SetuptoolsDeprecationWarning: setup.py install is deprecated. Use build and pip and other standards-based tools.
  warnings.warn(
running install_lib
creating /root/ws/install/tracker_pkg/lib/python3.10/site-packages/tracker_pkg
copying /root/ws/build/tracker_pkg/build/lib/tracker_pkg/__init__.py -> /root/ws/install/tracker_pkg/lib/python3.10/site-packages/tracker_pkg
copying /root/ws/build/tracker_pkg/build/lib/tracker_pkg/fake_gps_node.py -> /root/ws/install/tracker_pkg/lib/python3.10/site-packages/tracker_pkg
byte-compiling /root/ws/install/tracker_pkg/lib/python3.10/site-packages/tracker_pkg/__init__.py to __init__.cpython-310.pyc
byte-compiling /root/ws/install/tracker_pkg/lib/python3.10/site-packages/tracker_pkg/fake_gps_node.py to fake_gps_node.cpython-310.pyc
running install_data
running install_egg_info
Copying ../../build/tracker_pkg/tracker_pkg.egg-info to /root/ws/install/tracker_pkg/lib/python3.10/site-packages/tracker_pkg-0.0.0-py3.10.egg-info
running install_scripts
Installing fake_gps_node script to /root/ws/install/tracker_pkg/lib/tracker_pkg
writing list of installed files to '/root/ws/build/tracker_pkg/install.log'
