[0.221s] Invoking command in '/root/ws/src/python_parameters': PYTHONPATH=/root/ws/build/python_parameters/prefix_override:/root/ws/install/python_parameters/lib/python3.10/site-packages:${PYTHONPATH} /usr/bin/python3 setup.py egg_info --egg-base ../../build/python_parameters build --build-base /root/ws/build/python_parameters/build install --record /root/ws/build/python_parameters/install.log --single-version-externally-managed
[0.298s] running egg_info
[0.299s] creating ../../build/python_parameters/python_parameters.egg-info
[0.299s] writing ../../build/python_parameters/python_parameters.egg-info/PKG-INFO
[0.299s] writing dependency_links to ../../build/python_parameters/python_parameters.egg-info/dependency_links.txt
[0.299s] writing entry points to ../../build/python_parameters/python_parameters.egg-info/entry_points.txt
[0.299s] writing requirements to ../../build/python_parameters/python_parameters.egg-info/requires.txt
[0.299s] writing top-level names to ../../build/python_parameters/python_parameters.egg-info/top_level.txt
[0.299s] writing manifest file '../../build/python_parameters/python_parameters.egg-info/SOURCES.txt'
[0.300s] reading manifest file '../../build/python_parameters/python_parameters.egg-info/SOURCES.txt'
[0.300s] writing manifest file '../../build/python_parameters/python_parameters.egg-info/SOURCES.txt'
[0.300s] running build
[0.300s] running build_py
[0.300s] creating /root/ws/build/python_parameters/build
[0.300s] creating /root/ws/build/python_parameters/build/lib
[0.301s] creating /root/ws/build/python_parameters/build/lib/python_parameters
[0.301s] copying python_parameters/__init__.py -> /root/ws/build/python_parameters/build/lib/python_parameters
[0.301s] copying python_parameters/node.py -> /root/ws/build/python_parameters/build/lib/python_parameters
[0.301s] running install
[0.301s] /usr/lib/python3/dist-packages/setuptools/command/install.py:34: SetuptoolsDeprecationWarning: setup.py install is deprecated. Use build and pip and other standards-based tools.
[0.301s]   warnings.warn(
[0.301s] running install_lib
[0.301s] creating /root/ws/install/python_parameters/lib/python3.10/site-packages/python_parameters
[0.301s] copying /root/ws/build/python_parameters/build/lib/python_parameters/__init__.py -> /root/ws/install/python_parameters/lib/python3.10/site-packages/python_parameters
[0.301s] copying /root/ws/build/python_parameters/build/lib/python_parameters/node.py -> /root/ws/install/python_parameters/lib/python3.10/site-packages/python_parameters
[0.302s] byte-compiling /root/ws/install/python_parameters/lib/python3.10/site-packages/python_parameters/__init__.py to __init__.cpython-310.pyc
[0.302s] byte-compiling /root/ws/install/python_parameters/lib/python3.10/site-packages/python_parameters/node.py to node.cpython-310.pyc
[0.302s] running install_data
[0.302s] creating /root/ws/install/python_parameters/share/ament_index
[0.302s] creating /root/ws/install/python_parameters/share/ament_index/resource_index
[0.302s] creating /root/ws/install/python_parameters/share/ament_index/resource_index/packages
[0.303s] copying resource/python_parameters -> /root/ws/install/python_parameters/share/ament_index/resource_index/packages
[0.303s] copying package.xml -> /root/ws/install/python_parameters/share/python_parameters
[0.303s] running install_egg_info
[0.303s] Copying ../../build/python_parameters/python_parameters.egg-info to /root/ws/install/python_parameters/lib/python3.10/site-packages/python_parameters-0.0.0-py3.10.egg-info
[0.304s] running install_scripts
[0.314s] writing list of installed files to '/root/ws/build/python_parameters/install.log'
[0.326s] Invoked command in '/root/ws/src/python_parameters' returned '0': PYTHONPATH=/root/ws/build/python_parameters/prefix_override:/root/ws/install/python_parameters/lib/python3.10/site-packages:${PYTHONPATH} /usr/bin/python3 setup.py egg_info --egg-base ../../build/python_parameters build --build-base /root/ws/build/python_parameters/build install --record /root/ws/build/python_parameters/install.log --single-version-externally-managed
