running egg_info
creating ../build/pkg/pkg.egg-info
writing ../build/pkg/pkg.egg-info/PKG-INFO
writing dependency_links to ../build/pkg/pkg.egg-info/dependency_links.txt
writing entry points to ../build/pkg/pkg.egg-info/entry_points.txt
writing requirements to ../build/pkg/pkg.egg-info/requires.txt
writing top-level names to ../build/pkg/pkg.egg-info/top_level.txt
writing manifest file '../build/pkg/pkg.egg-info/SOURCES.txt'
reading manifest file '../build/pkg/pkg.egg-info/SOURCES.txt'
writing manifest file '../build/pkg/pkg.egg-info/SOURCES.txt'
running build
running build_py
creating /root/ws/src/build/pkg/build
creating /root/ws/src/build/pkg/build/lib
creating /root/ws/src/build/pkg/build/lib/pkg
copying pkg/__init__.py -> /root/ws/src/build/pkg/build/lib/pkg
copying pkg/fake_gps_node.py -> /root/ws/src/build/pkg/build/lib/pkg
copying pkg/node.py -> /root/ws/src/build/pkg/build/lib/pkg
running install
running install_lib
creating /root/ws/src/install/pkg/lib/python3.10/site-packages/pkg
copying /root/ws/src/build/pkg/build/lib/pkg/__init__.py -> /root/ws/src/install/pkg/lib/python3.10/site-packages/pkg
copying /root/ws/src/build/pkg/build/lib/pkg/fake_gps_node.py -> /root/ws/src/install/pkg/lib/python3.10/site-packages/pkg
copying /root/ws/src/build/pkg/build/lib/pkg/node.py -> /root/ws/src/install/pkg/lib/python3.10/site-packages/pkg
byte-compiling /root/ws/src/install/pkg/lib/python3.10/site-packages/pkg/__init__.py to __init__.cpython-310.pyc
byte-compiling /root/ws/src/install/pkg/lib/python3.10/site-packages/pkg/fake_gps_node.py to fake_gps_node.cpython-310.pyc
byte-compiling /root/ws/src/install/pkg/lib/python3.10/site-packages/pkg/node.py to node.cpython-310.pyc
running install_data
creating /root/ws/src/install/pkg/share/ament_index
creating /root/ws/src/install/pkg/share/ament_index/resource_index
creating /root/ws/src/install/pkg/share/ament_index/resource_index/packages
copying resource/pkg -> /root/ws/src/install/pkg/share/ament_index/resource_index/packages
copying package.xml -> /root/ws/src/install/pkg/share/pkg
running install_egg_info
Copying ../build/pkg/pkg.egg-info to /root/ws/src/install/pkg/lib/python3.10/site-packages/pkg-0.0.0-py3.10.egg-info
running install_scripts
writing list of installed files to '/root/ws/src/build/pkg/install.log'
