[0.225s] Invoking command in '/root/ws/src/pkg': PYTHONPATH=/root/ws/src/build/pkg/prefix_override:/root/ws/src/install/pkg/lib/python3.10/site-packages:${PYTHONPATH} /usr/bin/python3 setup.py egg_info --egg-base ../build/pkg build --build-base /root/ws/src/build/pkg/build install --record /root/ws/src/build/pkg/install.log --single-version-externally-managed
[0.305s] running egg_info
[0.305s] creating ../build/pkg/pkg.egg-info
[0.305s] writing ../build/pkg/pkg.egg-info/PKG-INFO
[0.305s] writing dependency_links to ../build/pkg/pkg.egg-info/dependency_links.txt
[0.305s] writing entry points to ../build/pkg/pkg.egg-info/entry_points.txt
[0.305s] writing requirements to ../build/pkg/pkg.egg-info/requires.txt
[0.305s] writing top-level names to ../build/pkg/pkg.egg-info/top_level.txt
[0.305s] writing manifest file '../build/pkg/pkg.egg-info/SOURCES.txt'
[0.306s] reading manifest file '../build/pkg/pkg.egg-info/SOURCES.txt'
[0.306s] writing manifest file '../build/pkg/pkg.egg-info/SOURCES.txt'
[0.306s] running build
[0.306s] running build_py
[0.307s] creating /root/ws/src/build/pkg/build
[0.307s] creating /root/ws/src/build/pkg/build/lib
[0.307s] creating /root/ws/src/build/pkg/build/lib/pkg
[0.307s] copying pkg/__init__.py -> /root/ws/src/build/pkg/build/lib/pkg
[0.307s] copying pkg/fake_gps_node.py -> /root/ws/src/build/pkg/build/lib/pkg
[0.307s] copying pkg/node.py -> /root/ws/src/build/pkg/build/lib/pkg
[0.307s] running install
[0.307s] /usr/lib/python3/dist-packages/setuptools/command/install.py:34: SetuptoolsDeprecationWarning: setup.py install is deprecated. Use build and pip and other standards-based tools.
[0.307s]   warnings.warn(
[0.307s] running install_lib
[0.307s] creating /root/ws/src/install/pkg/lib/python3.10/site-packages/pkg
[0.307s] copying /root/ws/src/build/pkg/build/lib/pkg/__init__.py -> /root/ws/src/install/pkg/lib/python3.10/site-packages/pkg
[0.307s] copying /root/ws/src/build/pkg/build/lib/pkg/fake_gps_node.py -> /root/ws/src/install/pkg/lib/python3.10/site-packages/pkg
[0.308s] copying /root/ws/src/build/pkg/build/lib/pkg/node.py -> /root/ws/src/install/pkg/lib/python3.10/site-packages/pkg
[0.308s] byte-compiling /root/ws/src/install/pkg/lib/python3.10/site-packages/pkg/__init__.py to __init__.cpython-310.pyc
[0.308s] byte-compiling /root/ws/src/install/pkg/lib/python3.10/site-packages/pkg/fake_gps_node.py to fake_gps_node.cpython-310.pyc
[0.308s] byte-compiling /root/ws/src/install/pkg/lib/python3.10/site-packages/pkg/node.py to node.cpython-310.pyc
[0.308s] running install_data
[0.308s] creating /root/ws/src/install/pkg/share/ament_index
[0.309s] creating /root/ws/src/install/pkg/share/ament_index/resource_index
[0.309s] creating /root/ws/src/install/pkg/share/ament_index/resource_index/packages
[0.309s] copying resource/pkg -> /root/ws/src/install/pkg/share/ament_index/resource_index/packages
[0.309s] copying package.xml -> /root/ws/src/install/pkg/share/pkg
[0.309s] running install_egg_info
[0.309s] Copying ../build/pkg/pkg.egg-info to /root/ws/src/install/pkg/lib/python3.10/site-packages/pkg-0.0.0-py3.10.egg-info
[0.310s] running install_scripts
[0.321s] writing list of installed files to '/root/ws/src/build/pkg/install.log'
[0.334s] Invoked command in '/root/ws/src/pkg' returned '0': PYTHONPATH=/root/ws/src/build/pkg/prefix_override:/root/ws/src/install/pkg/lib/python3.10/site-packages:${PYTHONPATH} /usr/bin/python3 setup.py egg_info --egg-base ../build/pkg build --build-base /root/ws/src/build/pkg/build install --record /root/ws/src/build/pkg/install.log --single-version-externally-managed
