[0.326s] Invoking command in '/root/ws/build/tracker_pkg': PYTHONPATH=/root/ws/build/tracker_pkg/prefix_override:/root/ws/install/tracker_pkg/lib/python3.10/site-packages:${PYTHONPATH} /usr/bin/python3 setup.py develop --editable --build-directory /root/ws/build/tracker_pkg/build --no-deps install_data
[0.422s] running develop
[0.422s] /usr/lib/python3/dist-packages/setuptools/command/easy_install.py:158: EasyInstallDeprecationWarning: easy_install command is deprecated. Use build and pip and other standards-based tools.
[0.422s]   warnings.warn(
[0.423s] /usr/lib/python3/dist-packages/setuptools/command/install.py:34: SetuptoolsDeprecationWarning: setup.py install is deprecated. Use build and pip and other standards-based tools.
[0.423s]   warnings.warn(
[0.456s] running egg_info
[0.456s] writing tracker_pkg.egg-info/PKG-INFO
[0.456s] writing dependency_links to tracker_pkg.egg-info/dependency_links.txt
[0.456s] writing entry points to tracker_pkg.egg-info/entry_points.txt
[0.456s] writing requirements to tracker_pkg.egg-info/requires.txt
[0.456s] writing top-level names to tracker_pkg.egg-info/top_level.txt
[0.457s] reading manifest file 'tracker_pkg.egg-info/SOURCES.txt'
[0.457s] writing manifest file 'tracker_pkg.egg-info/SOURCES.txt'
[0.458s] running build_ext
[0.458s] Creating /root/ws/install/tracker_pkg/lib/python3.10/site-packages/tracker-pkg.egg-link (link to .)
[0.458s] 
[0.458s] Installed /root/ws/build/tracker_pkg
[0.458s] running install_data
[0.475s] Invoked command in '/root/ws/build/tracker_pkg' returned '0': PYTHONPATH=/root/ws/build/tracker_pkg/prefix_override:/root/ws/install/tracker_pkg/lib/python3.10/site-packages:${PYTHONPATH} /usr/bin/python3 setup.py develop --editable --build-directory /root/ws/build/tracker_pkg/build --no-deps install_data
