[0.250s] Invoking command in '/root/ws/build/tracker_pkg': PYTHONPATH=/root/ws/build/tracker_pkg/prefix_override:/root/ws/install/tracker_pkg/lib/python3.10/site-packages:${PYTHONPATH} /usr/bin/python3 setup.py develop --editable --build-directory /root/ws/build/tracker_pkg/build --no-deps install_data
[0.347s] running develop
[0.348s] /usr/lib/python3/dist-packages/setuptools/command/easy_install.py:158: EasyInstallDeprecationWarning: easy_install command is deprecated. Use build and pip and other standards-based tools.
[0.348s]   warnings.warn(
[0.348s] /usr/lib/python3/dist-packages/setuptools/command/install.py:34: SetuptoolsDeprecationWarning: setup.py install is deprecated. Use build and pip and other standards-based tools.
[0.348s]   warnings.warn(
[0.387s] running egg_info
[0.387s] writing tracker_pkg.egg-info/PKG-INFO
[0.388s] writing dependency_links to tracker_pkg.egg-info/dependency_links.txt
[0.388s] writing entry points to tracker_pkg.egg-info/entry_points.txt
[0.388s] writing requirements to tracker_pkg.egg-info/requires.txt
[0.388s] writing top-level names to tracker_pkg.egg-info/top_level.txt
[0.390s] reading manifest file 'tracker_pkg.egg-info/SOURCES.txt'
[0.390s] writing manifest file 'tracker_pkg.egg-info/SOURCES.txt'
[0.391s] running build_ext
[0.392s] Creating /root/ws/install/tracker_pkg/lib/python3.10/site-packages/tracker-pkg.egg-link (link to .)
[0.392s] Installing fake_gps_node script to /root/ws/install/tracker_pkg/lib/tracker_pkg
[0.393s] Installing fake_ui_node script to /root/ws/install/tracker_pkg/lib/tracker_pkg
[0.393s] Installing tracker_node script to /root/ws/install/tracker_pkg/lib/tracker_pkg
[0.393s] 
[0.393s] Installed /root/ws/build/tracker_pkg
[0.393s] running install_data
[0.393s] copying include/__init__.py -> /root/ws/install/tracker_pkg/share/tracker_pkg
[0.407s] Invoked command in '/root/ws/build/tracker_pkg' returned '0': PYTHONPATH=/root/ws/build/tracker_pkg/prefix_override:/root/ws/install/tracker_pkg/lib/python3.10/site-packages:${PYTHONPATH} /usr/bin/python3 setup.py develop --editable --build-directory /root/ws/build/tracker_pkg/build --no-deps install_data
