running develop
running egg_info
writing ../../build/pkg/pkg.egg-info/PKG-INFO
writing dependency_links to ../../build/pkg/pkg.egg-info/dependency_links.txt
writing entry points to ../../build/pkg/pkg.egg-info/entry_points.txt
writing requirements to ../../build/pkg/pkg.egg-info/requires.txt
writing top-level names to ../../build/pkg/pkg.egg-info/top_level.txt
reading manifest file '../../build/pkg/pkg.egg-info/SOURCES.txt'
writing manifest file '../../build/pkg/pkg.egg-info/SOURCES.txt'
running build
running build_py
running install
running install_lib
running install_data
copying launch/launch.py -> /root/ws/install/pkg/share/pkg
running install_egg_info
removing '/root/ws/install/pkg/lib/python3.10/site-packages/pkg-0.0.0-py3.10.egg-info' (and everything under it)
Copying ../../build/pkg/pkg.egg-info to /root/ws/install/pkg/lib/python3.10/site-packages/pkg-0.0.0-py3.10.egg-info
running install_scripts
writing list of installed files to '/root/ws/build/pkg/install.log'
